This file contains any messages produced by compilers while
running configure, to aid debugging if configure makes a mistake.

It was created by sandbox configure 0.3.5, which was
generated by GNU Autoconf 2.68.  Invocation command line was

  $ ./configure 

## --------- ##
## Platform. ##
## --------- ##

hostname = host
uname -m = x86_64
uname -r = 4.11.11-300.fc26.x86_64
uname -s = Linux
uname -v = #1 SMP Mon Jul 17 16:32:11 UTC 2017

/usr/bin/uname -p = x86_64
/bin/uname -X     = unknown

/bin/arch              = x86_64
/usr/bin/arch -k       = unknown
/usr/convex/getsysinfo = unknown
/usr/bin/hostinfo      = unknown
/bin/machine           = unknown
/usr/bin/oslevel       = unknown
/bin/universe          = unknown

PATH: /usr/lib64/qt-3.3/bin
PATH: /usr/local/bin
PATH: /usr/local/sbin
PATH: /usr/bin
PATH: /usr/sbin
PATH: /home/andrewnagyeb/.composer/vendor/bin
PATH: /home/andrewnagyeb/.local/bin
PATH: /home/andrewnagyeb/bin
PATH: /home/andrewnagyeb/.local/bin
PATH: /home/andrewnagyeb/bin


## ----------- ##
## Core tests. ##
## ----------- ##

configure:2217: checking for /proc filesystem
configure:2220: result: yes
configure:2283: checking for gcc
configure:2299: found /usr/bin/gcc
configure:2310: result: gcc
configure:2539: checking for C compiler version
configure:2548: gcc --version >&5
gcc (GCC) 7.1.1 20170622 (Red Hat 7.1.1-3)
Copyright (C) 2017 Free Software Foundation, Inc.
This is free software; see the source for copying conditions.  There is NO
warranty; not even for MERCHANTABILITY or FITNESS FOR A PARTICULAR PURPOSE.

configure:2559: $? = 0
configure:2548: gcc -v >&5
Using built-in specs.
COLLECT_GCC=gcc
COLLECT_LTO_WRAPPER=/usr/libexec/gcc/x86_64-redhat-linux/7/lto-wrapper
OFFLOAD_TARGET_NAMES=nvptx-none
OFFLOAD_TARGET_DEFAULT=1
Target: x86_64-redhat-linux
Configured with: ../configure --enable-bootstrap --enable-languages=c,c++,objc,obj-c++,fortran,ada,go,lto --prefix=/usr --mandir=/usr/share/man --infodir=/usr/share/info --with-bugurl=http://bugzilla.redhat.com/bugzilla --enable-shared --enable-threads=posix --enable-checking=release --enable-multilib --with-system-zlib --enable-__cxa_atexit --disable-libunwind-exceptions --enable-gnu-unique-object --enable-linker-build-id --with-gcc-major-version-only --with-linker-hash-style=gnu --enable-plugin --enable-initfini-array --with-isl --enable-libmpx --enable-offload-targets=nvptx-none --without-cuda-driver --enable-gnu-indirect-function --with-tune=generic --with-arch_32=i686 --build=x86_64-redhat-linux
Thread model: posix
gcc version 7.1.1 20170622 (Red Hat 7.1.1-3) (GCC) 
configure:2559: $? = 0
configure:2548: gcc -V >&5
gcc: error: unrecognized command line option '-V'
gcc: fatal error: no input files
compilation terminated.
configure:2559: $? = 1
configure:2548: gcc -qversion >&5
gcc: error: unrecognized command line option '-qversion'; did you mean '--version'?
gcc: fatal error: no input files
compilation terminated.
configure:2559: $? = 1
configure:2579: checking whether the C compiler works
configure:2601: gcc -Wall -g0 -O3 -ansi -std=gnu99 -fPIC -pthread -Isrc -D SANDBOX  -D NDEBUG -U DEBUG   conftest.c  >&5
configure:2605: $? = 0
configure:2653: result: yes
configure:2656: checking for C compiler default output file name
configure:2658: result: a.out
configure:2664: checking for suffix of executables
configure:2671: gcc -o conftest -Wall -g0 -O3 -ansi -std=gnu99 -fPIC -pthread -Isrc -D SANDBOX  -D NDEBUG -U DEBUG   conftest.c  >&5
configure:2675: $? = 0
configure:2697: result: 
configure:2719: checking whether we are cross compiling
configure:2727: gcc -o conftest -Wall -g0 -O3 -ansi -std=gnu99 -fPIC -pthread -Isrc -D SANDBOX  -D NDEBUG -U DEBUG   conftest.c  >&5
configure:2731: $? = 0
configure:2738: ./conftest
configure:2742: $? = 0
configure:2757: result: no
configure:2762: checking for suffix of object files
configure:2784: gcc -c -Wall -g0 -O3 -ansi -std=gnu99 -fPIC -pthread -Isrc -D SANDBOX  -D NDEBUG -U DEBUG  conftest.c >&5
configure:2788: $? = 0
configure:2809: result: o
configure:2813: checking whether we are using the GNU C compiler
configure:2832: gcc -c -Wall -g0 -O3 -ansi -std=gnu99 -fPIC -pthread -Isrc -D SANDBOX  -D NDEBUG -U DEBUG  conftest.c >&5
configure:2832: $? = 0
configure:2841: result: yes
configure:2850: checking whether gcc accepts -g
configure:2870: gcc -c -g  conftest.c >&5
configure:2870: $? = 0
configure:2911: result: yes
configure:2928: checking for gcc option to accept ISO C89
configure:2992: gcc  -c -Wall -g0 -O3 -ansi -std=gnu99 -fPIC -pthread -Isrc -D SANDBOX  -D NDEBUG -U DEBUG  conftest.c >&5
configure:2992: $? = 0
configure:3005: result: none needed
configure:3029: checking for gawk
configure:3045: found /usr/bin/gawk
configure:3056: result: gawk
configure:3067: checking for a sed that does not truncate output
configure:3131: result: /usr/bin/sed
configure:3179: checking for a BSD-compatible install
configure:3247: result: /usr/bin/install -c
configure:3258: checking whether ln -s works
configure:3262: result: yes
configure:3269: checking for a thread-safe mkdir -p
configure:3308: result: /usr/bin/mkdir -p
configure:3313: checking for ar
configure:3331: found /usr/bin/ar
configure:3343: result: /usr/bin/ar
configure:3353: checking for tar
configure:3371: found /usr/bin/tar
configure:3383: result: /usr/bin/tar
configure:3394: checking for modfl, lrintl in -lm
configure:3419: gcc -o conftest -Wall -g0 -O3 -ansi -std=gnu99 -fPIC -pthread -Isrc -D SANDBOX  -D NDEBUG -U DEBUG   conftest.c -lm   >&5
conftest.c:18:6: warning: built-in function 'modfl' declared as non-function
 char modfl, lrintl ();
      ^~~~~
conftest.c:18:13: warning: conflicting types for built-in function 'lrintl' [-Wbuiltin-declaration-mismatch]
 char modfl, lrintl ();
             ^~~~~~
conftest.c: In function 'main':
conftest.c:22:13: warning: left-hand operand of comma expression has no effect [-Wunused-value]
 return modfl, lrintl ();
             ^
configure:3419: $? = 0
configure:3428: result: yes
configure:3439: checking for clock_getcpuclockid, clock_create, clock_gettime, clock_getres in -lrt
configure:3464: gcc -o conftest -Wall -g0 -O3 -ansi -std=gnu99 -fPIC -pthread -Isrc -D SANDBOX  -D NDEBUG -U DEBUG   conftest.c -lrt  -lm  >&5
conftest.c: In function 'main':
conftest.c:23:27: warning: left-hand operand of comma expression has no effect [-Wunused-value]
 return clock_getcpuclockid, clock_create, clock_gettime, clock_getres ();
                           ^
conftest.c:23:41: warning: left-hand operand of comma expression has no effect [-Wunused-value]
 return clock_getcpuclockid, clock_create, clock_gettime, clock_getres ();
                                         ^
conftest.c:23:56: warning: left-hand operand of comma expression has no effect [-Wunused-value]
 return clock_getcpuclockid, clock_create, clock_gettime, clock_getres ();
                                                        ^
configure:3464: $? = 0
configure:3473: result: yes
configure:3484: checking for pthread_kill, pthread_sigqueue, pthread_sigmask, pthread_self, pthread_equal, pthread_create, pthread_join, pthread_cancel, pthread_mutex_lock, pthread_mutex_unlock, pthread_cond_wait, pthread_cond_broadcast in -lpthread
configure:3509: gcc -o conftest -Wall -g0 -O3 -ansi -std=gnu99 -fPIC -pthread -Isrc -D SANDBOX  -D NDEBUG -U DEBUG   conftest.c -lpthread  -lrt -lm  >&5
conftest.c: In function 'main':
conftest.c:24:20: warning: left-hand operand of comma expression has no effect [-Wunused-value]
 return pthread_kill, pthread_sigqueue, pthread_sigmask, pthread_self, pthread_equal, pthread_create, pthread_join, pthread_cancel, pthread_mutex_lock, pthread_mutex_unlock, pthread_cond_wait, pthread_cond_broadcast ();
                    ^
conftest.c:24:38: warning: left-hand operand of comma expression has no effect [-Wunused-value]
 return pthread_kill, pthread_sigqueue, pthread_sigmask, pthread_self, pthread_equal, pthread_create, pthread_join, pthread_cancel, pthread_mutex_lock, pthread_mutex_unlock, pthread_cond_wait, pthread_cond_broadcast ();
                                      ^
conftest.c:24:55: warning: left-hand operand of comma expression has no effect [-Wunused-value]
 return pthread_kill, pthread_sigqueue, pthread_sigmask, pthread_self, pthread_equal, pthread_create, pthread_join, pthread_cancel, pthread_mutex_lock, pthread_mutex_unlock, pthread_cond_wait, pthread_cond_broadcast ();
                                                       ^
conftest.c:24:69: warning: left-hand operand of comma expression has no effect [-Wunused-value]
 return pthread_kill, pthread_sigqueue, pthread_sigmask, pthread_self, pthread_equal, pthread_create, pthread_join, pthread_cancel, pthread_mutex_lock, pthread_mutex_unlock, pthread_cond_wait, pthread_cond_broadcast ();
                                                                     ^
conftest.c:24:84: warning: left-hand operand of comma expression has no effect [-Wunused-value]
 return pthread_kill, pthread_sigqueue, pthread_sigmask, pthread_self, pthread_equal, pthread_create, pthread_join, pthread_cancel, pthread_mutex_lock, pthread_mutex_unlock, pthread_cond_wait, pthread_cond_broadcast ();
                                                                                    ^
conftest.c:24:100: warning: left-hand operand of comma expression has no effect [-Wunused-value]
 return pthread_kill, pthread_sigqueue, pthread_sigmask, pthread_self, pthread_equal, pthread_create, pthread_join, pthread_cancel, pthread_mutex_lock, pthread_mutex_unlock, pthread_cond_wait, pthread_cond_broadcast ();
                                                                                                    ^
conftest.c:24:114: warning: left-hand operand of comma expression has no effect [-Wunused-value]
 return pthread_kill, pthread_sigqueue, pthread_sigmask, pthread_self, pthread_equal, pthread_create, pthread_join, pthread_cancel, pthread_mutex_lock, pthread_mutex_unlock, pthread_cond_wait, pthread_cond_broadcast ();
                                                                                                                  ^
conftest.c:24:130: warning: left-hand operand of comma expression has no effect [-Wunused-value]
 return pthread_kill, pthread_sigqueue, pthread_sigmask, pthread_self, pthread_equal, pthread_create, pthread_join, pthread_cancel, pthread_mutex_lock, pthread_mutex_unlock, pthread_cond_wait, pthread_cond_broadcast ();
                                                                                                                                  ^
conftest.c:24:150: warning: left-hand operand of comma expression has no effect [-Wunused-value]
 return pthread_kill, pthread_sigqueue, pthread_sigmask, pthread_self, pthread_equal, pthread_create, pthread_join, pthread_cancel, pthread_mutex_lock, pthread_mutex_unlock, pthread_cond_wait, pthread_cond_broadcast ();
                                                                                                                                                      ^
conftest.c:24:172: warning: left-hand operand of comma expression has no effect [-Wunused-value]
 return pthread_kill, pthread_sigqueue, pthread_sigmask, pthread_self, pthread_equal, pthread_create, pthread_join, pthread_cancel, pthread_mutex_lock, pthread_mutex_unlock, pthread_cond_wait, pthread_cond_broadcast ();
                                                                                                                                                                            ^
conftest.c:24:191: warning: left-hand operand of comma expression has no effect [-Wunused-value]
 return pthread_kill, pthread_sigqueue, pthread_sigmask, pthread_self, pthread_equal, pthread_create, pthread_join, pthread_cancel, pthread_mutex_lock, pthread_mutex_unlock, pthread_cond_wait, pthread_cond_broadcast ();
                                                                                                                                                                                               ^
configure:3509: $? = 0
configure:3518: result: yes
configure:3536: checking how to run the C preprocessor
configure:3567: gcc -E  conftest.c
configure:3567: $? = 0
configure:3581: gcc -E  conftest.c
conftest.c:14:10: fatal error: ac_nonexistent.h: No such file or directory
 #include <ac_nonexistent.h>
          ^~~~~~~~~~~~~~~~~~
compilation terminated.
configure:3581: $? = 1
configure: failed program was:
| /* confdefs.h */
| #define PACKAGE_NAME "sandbox"
| #define PACKAGE_TARNAME "sandbox"
| #define PACKAGE_VERSION "0.3.5"
| #define PACKAGE_STRING "sandbox 0.3.5"
| #define PACKAGE_BUGREPORT ""
| #define PACKAGE_URL "http://sourceforge.net/project/libsandbox"
| #define HAVE_PROCFS 1
| #define PROCFS "/proc"
| #define HAVE_LIBM 1
| #define HAVE_LIBRT 1
| #define HAVE_LIBPTHREAD 1
| /* end confdefs.h.  */
| #include <ac_nonexistent.h>
configure:3606: result: gcc -E
configure:3626: gcc -E  conftest.c
configure:3626: $? = 0
configure:3640: gcc -E  conftest.c
conftest.c:14:10: fatal error: ac_nonexistent.h: No such file or directory
 #include <ac_nonexistent.h>
          ^~~~~~~~~~~~~~~~~~
compilation terminated.
configure:3640: $? = 1
configure: failed program was:
| /* confdefs.h */
| #define PACKAGE_NAME "sandbox"
| #define PACKAGE_TARNAME "sandbox"
| #define PACKAGE_VERSION "0.3.5"
| #define PACKAGE_STRING "sandbox 0.3.5"
| #define PACKAGE_BUGREPORT ""
| #define PACKAGE_URL "http://sourceforge.net/project/libsandbox"
| #define HAVE_PROCFS 1
| #define PROCFS "/proc"
| #define HAVE_LIBM 1
| #define HAVE_LIBRT 1
| #define HAVE_LIBPTHREAD 1
| /* end confdefs.h.  */
| #include <ac_nonexistent.h>
configure:3669: checking for grep that handles long lines and -e
configure:3727: result: /usr/bin/grep
configure:3732: checking for egrep
configure:3794: result: /usr/bin/grep -E
configure:3799: checking for ANSI C header files
configure:3819: gcc -c -Wall -g0 -O3 -ansi -std=gnu99 -fPIC -pthread -Isrc -D SANDBOX  -D NDEBUG -U DEBUG  conftest.c >&5
configure:3819: $? = 0
configure:3892: gcc -o conftest -Wall -g0 -O3 -ansi -std=gnu99 -fPIC -pthread -Isrc -D SANDBOX  -D NDEBUG -U DEBUG   conftest.c -lpthread -lrt -lm  >&5
configure:3892: $? = 0
configure:3892: ./conftest
configure:3892: $? = 0
configure:3903: result: yes
configure:3916: checking for sys/types.h
configure:3916: gcc -c -Wall -g0 -O3 -ansi -std=gnu99 -fPIC -pthread -Isrc -D SANDBOX  -D NDEBUG -U DEBUG  conftest.c >&5
configure:3916: $? = 0
configure:3916: result: yes
configure:3916: checking for sys/stat.h
configure:3916: gcc -c -Wall -g0 -O3 -ansi -std=gnu99 -fPIC -pthread -Isrc -D SANDBOX  -D NDEBUG -U DEBUG  conftest.c >&5
configure:3916: $? = 0
configure:3916: result: yes
configure:3916: checking for stdlib.h
configure:3916: gcc -c -Wall -g0 -O3 -ansi -std=gnu99 -fPIC -pthread -Isrc -D SANDBOX  -D NDEBUG -U DEBUG  conftest.c >&5
configure:3916: $? = 0
configure:3916: result: yes
configure:3916: checking for string.h
configure:3916: gcc -c -Wall -g0 -O3 -ansi -std=gnu99 -fPIC -pthread -Isrc -D SANDBOX  -D NDEBUG -U DEBUG  conftest.c >&5
configure:3916: $? = 0
configure:3916: result: yes
configure:3916: checking for memory.h
configure:3916: gcc -c -Wall -g0 -O3 -ansi -std=gnu99 -fPIC -pthread -Isrc -D SANDBOX  -D NDEBUG -U DEBUG  conftest.c >&5
configure:3916: $? = 0
configure:3916: result: yes
configure:3916: checking for strings.h
configure:3916: gcc -c -Wall -g0 -O3 -ansi -std=gnu99 -fPIC -pthread -Isrc -D SANDBOX  -D NDEBUG -U DEBUG  conftest.c >&5
configure:3916: $? = 0
configure:3916: result: yes
configure:3916: checking for inttypes.h
configure:3916: gcc -c -Wall -g0 -O3 -ansi -std=gnu99 -fPIC -pthread -Isrc -D SANDBOX  -D NDEBUG -U DEBUG  conftest.c >&5
configure:3916: $? = 0
configure:3916: result: yes
configure:3916: checking for stdint.h
configure:3916: gcc -c -Wall -g0 -O3 -ansi -std=gnu99 -fPIC -pthread -Isrc -D SANDBOX  -D NDEBUG -U DEBUG  conftest.c >&5
configure:3916: $? = 0
configure:3916: result: yes
configure:3916: checking for unistd.h
configure:3916: gcc -c -Wall -g0 -O3 -ansi -std=gnu99 -fPIC -pthread -Isrc -D SANDBOX  -D NDEBUG -U DEBUG  conftest.c >&5
configure:3916: $? = 0
configure:3916: result: yes
configure:3931: checking fcntl.h usability
configure:3931: gcc -c -Wall -g0 -O3 -ansi -std=gnu99 -fPIC -pthread -Isrc -D SANDBOX  -D NDEBUG -U DEBUG  conftest.c >&5
configure:3931: $? = 0
configure:3931: result: yes
configure:3931: checking fcntl.h presence
configure:3931: gcc -E  conftest.c
configure:3931: $? = 0
configure:3931: result: yes
configure:3931: checking for fcntl.h
configure:3931: result: yes
configure:3931: checking limits.h usability
configure:3931: gcc -c -Wall -g0 -O3 -ansi -std=gnu99 -fPIC -pthread -Isrc -D SANDBOX  -D NDEBUG -U DEBUG  conftest.c >&5
configure:3931: $? = 0
configure:3931: result: yes
configure:3931: checking limits.h presence
configure:3931: gcc -E  conftest.c
configure:3931: $? = 0
configure:3931: result: yes
configure:3931: checking for limits.h
configure:3931: result: yes
configure:3931: checking for stdlib.h
configure:3931: result: yes
configure:3931: checking for string.h
configure:3931: result: yes
configure:3931: checking sched.h usability
configure:3931: gcc -c -Wall -g0 -O3 -ansi -std=gnu99 -fPIC -pthread -Isrc -D SANDBOX  -D NDEBUG -U DEBUG  conftest.c >&5
configure:3931: $? = 0
configure:3931: result: yes
configure:3931: checking sched.h presence
configure:3931: gcc -E  conftest.c
configure:3931: $? = 0
configure:3931: result: yes
configure:3931: checking for sched.h
configure:3931: result: yes
configure:3931: checking for unistd.h
configure:3931: result: yes
configure:3944: checking sys/queue.h usability
configure:3944: gcc -c -Wall -g0 -O3 -ansi -std=gnu99 -fPIC -pthread -Isrc -D SANDBOX  -D NDEBUG -U DEBUG  conftest.c >&5
configure:3944: $? = 0
configure:3944: result: yes
configure:3944: checking sys/queue.h presence
configure:3944: gcc -E  conftest.c
configure:3944: $? = 0
configure:3944: result: yes
configure:3944: checking for sys/queue.h
configure:3944: result: yes
configure:3944: checking sys/syscall.h usability
configure:3944: gcc -c -Wall -g0 -O3 -ansi -std=gnu99 -fPIC -pthread -Isrc -D SANDBOX  -D NDEBUG -U DEBUG  conftest.c >&5
configure:3944: $? = 0
configure:3944: result: yes
configure:3944: checking sys/syscall.h presence
configure:3944: gcc -E  conftest.c
configure:3944: $? = 0
configure:3944: result: yes
configure:3944: checking for sys/syscall.h
configure:3944: result: yes
configure:3944: checking sys/ptrace.h usability
configure:3944: gcc -c -Wall -g0 -O3 -ansi -std=gnu99 -fPIC -pthread -Isrc -D SANDBOX  -D NDEBUG -U DEBUG  conftest.c >&5
configure:3944: $? = 0
configure:3944: result: yes
configure:3944: checking sys/ptrace.h presence
configure:3944: gcc -E  conftest.c
configure:3944: $? = 0
configure:3944: result: yes
configure:3944: checking for sys/ptrace.h
configure:3944: result: yes
configure:3944: checking sys/times.h usability
configure:3944: gcc -c -Wall -g0 -O3 -ansi -std=gnu99 -fPIC -pthread -Isrc -D SANDBOX  -D NDEBUG -U DEBUG  conftest.c >&5
configure:3944: $? = 0
configure:3944: result: yes
configure:3944: checking sys/times.h presence
configure:3944: gcc -E  conftest.c
configure:3944: $? = 0
configure:3944: result: yes
configure:3944: checking for sys/times.h
configure:3944: result: yes
configure:3944: checking sys/vfs.h usability
configure:3944: gcc -c -Wall -g0 -O3 -ansi -std=gnu99 -fPIC -pthread -Isrc -D SANDBOX  -D NDEBUG -U DEBUG  conftest.c >&5
configure:3944: $? = 0
configure:3944: result: yes
configure:3944: checking sys/vfs.h presence
configure:3944: gcc -E  conftest.c
configure:3944: $? = 0
configure:3944: result: yes
configure:3944: checking for sys/vfs.h
configure:3944: result: yes
configure:3944: checking sys/mount.h usability
configure:3944: gcc -c -Wall -g0 -O3 -ansi -std=gnu99 -fPIC -pthread -Isrc -D SANDBOX  -D NDEBUG -U DEBUG  conftest.c >&5
configure:3944: $? = 0
configure:3944: result: yes
configure:3944: checking sys/mount.h presence
configure:3944: gcc -E  conftest.c
configure:3944: $? = 0
configure:3944: result: yes
configure:3944: checking for sys/mount.h
configure:3944: result: yes
configure:3944: checking sys/param.h usability
configure:3944: gcc -c -Wall -g0 -O3 -ansi -std=gnu99 -fPIC -pthread -Isrc -D SANDBOX  -D NDEBUG -U DEBUG  conftest.c >&5
configure:3944: $? = 0
configure:3944: result: yes
configure:3944: checking sys/param.h presence
configure:3944: gcc -E  conftest.c
configure:3944: $? = 0
configure:3944: result: yes
configure:3944: checking for sys/param.h
configure:3944: result: yes
configure:3944: checking linux/magic.h usability
configure:3944: gcc -c -Wall -g0 -O3 -ansi -std=gnu99 -fPIC -pthread -Isrc -D SANDBOX  -D NDEBUG -U DEBUG  conftest.c >&5
configure:3944: $? = 0
configure:3944: result: yes
configure:3944: checking linux/magic.h presence
configure:3944: gcc -E  conftest.c
configure:3944: $? = 0
configure:3944: result: yes
configure:3944: checking for linux/magic.h
configure:3944: result: yes
configure:3956: checking for stdbool.h that conforms to C99
configure:4023: gcc -c -Wall -g0 -O3 -ansi -std=gnu99 -fPIC -pthread -Isrc -D SANDBOX  -D NDEBUG -U DEBUG  conftest.c >&5
conftest.c: In function 'main':
conftest.c:87:2: warning: the address of 's' will always evaluate as 'true' [-Waddress]
  bool e = &s;
  ^~~~
conftest.c:91:10: warning: the address of 'a' will always evaluate as 'true' [-Waddress]
  return (!a + !b + !c + !d + !e + !f + !g + !h + !i + !!j + !k + !!l
          ^
conftest.c:91:15: warning: the address of 'b' will always evaluate as 'true' [-Waddress]
  return (!a + !b + !c + !d + !e + !f + !g + !h + !i + !!j + !k + !!l
               ^
conftest.c:91:20: warning: the address of 'c' will always evaluate as 'true' [-Waddress]
  return (!a + !b + !c + !d + !e + !f + !g + !h + !i + !!j + !k + !!l
                    ^
conftest.c:91:25: warning: the address of 'd' will always evaluate as 'true' [-Waddress]
  return (!a + !b + !c + !d + !e + !f + !g + !h + !i + !!j + !k + !!l
                         ^
conftest.c:91:35: warning: the address of 'f' will always evaluate as 'true' [-Waddress]
  return (!a + !b + !c + !d + !e + !f + !g + !h + !i + !!j + !k + !!l
                                   ^
conftest.c:91:40: warning: the address of 'g' will always evaluate as 'true' [-Waddress]
  return (!a + !b + !c + !d + !e + !f + !g + !h + !i + !!j + !k + !!l
                                        ^
conftest.c:91:45: warning: the address of 'h' will always evaluate as 'true' [-Waddress]
  return (!a + !b + !c + !d + !e + !f + !g + !h + !i + !!j + !k + !!l
                                             ^
conftest.c:91:50: warning: the address of 'i' will always evaluate as 'true' [-Waddress]
  return (!a + !b + !c + !d + !e + !f + !g + !h + !i + !!j + !k + !!l
                                                  ^
conftest.c:92:10: warning: the address of 'n' will always evaluate as 'true' [-Waddress]
          ^
conftest.c:92:15: warning: the address of 'o' will always evaluate as 'true' [-Waddress]
               ^
conftest.c:92:20: warning: the address of 'p' will always evaluate as 'true' [-Waddress]
                    ^
configure:4023: $? = 0
configure:4030: result: yes
configure:4032: checking for _Bool
configure:4032: gcc -c -Wall -g0 -O3 -ansi -std=gnu99 -fPIC -pthread -Isrc -D SANDBOX  -D NDEBUG -U DEBUG  conftest.c >&5
configure:4032: $? = 0
configure:4032: gcc -c -Wall -g0 -O3 -ansi -std=gnu99 -fPIC -pthread -Isrc -D SANDBOX  -D NDEBUG -U DEBUG  conftest.c >&5
conftest.c: In function 'main':
conftest.c:74:20: error: expected expression before ')' token
 if (sizeof ((_Bool)))
                    ^
configure:4032: $? = 1
configure: failed program was:
| /* confdefs.h */
| #define PACKAGE_NAME "sandbox"
| #define PACKAGE_TARNAME "sandbox"
| #define PACKAGE_VERSION "0.3.5"
| #define PACKAGE_STRING "sandbox 0.3.5"
| #define PACKAGE_BUGREPORT ""
| #define PACKAGE_URL "http://sourceforge.net/project/libsandbox"
| #define HAVE_PROCFS 1
| #define PROCFS "/proc"
| #define HAVE_LIBM 1
| #define HAVE_LIBRT 1
| #define HAVE_LIBPTHREAD 1
| #define STDC_HEADERS 1
| #define HAVE_SYS_TYPES_H 1
| #define HAVE_SYS_STAT_H 1
| #define HAVE_STDLIB_H 1
| #define HAVE_STRING_H 1
| #define HAVE_MEMORY_H 1
| #define HAVE_STRINGS_H 1
| #define HAVE_INTTYPES_H 1
| #define HAVE_STDINT_H 1
| #define HAVE_UNISTD_H 1
| #define HAVE_FCNTL_H 1
| #define HAVE_LIMITS_H 1
| #define HAVE_STDLIB_H 1
| #define HAVE_STRING_H 1
| #define HAVE_SCHED_H 1
| #define HAVE_UNISTD_H 1
| #define HAVE_SYS_QUEUE_H 1
| #define HAVE_SYS_SYSCALL_H 1
| #define HAVE_SYS_PTRACE_H 1
| #define HAVE_SYS_TIMES_H 1
| #define HAVE_SYS_VFS_H 1
| #define HAVE_SYS_MOUNT_H 1
| #define HAVE_SYS_PARAM_H 1
| #define HAVE_LINUX_MAGIC_H 1
| /* end confdefs.h.  */
| #include <stdio.h>
| #ifdef HAVE_SYS_TYPES_H
| # include <sys/types.h>
| #endif
| #ifdef HAVE_SYS_STAT_H
| # include <sys/stat.h>
| #endif
| #ifdef STDC_HEADERS
| # include <stdlib.h>
| # include <stddef.h>
| #else
| # ifdef HAVE_STDLIB_H
| #  include <stdlib.h>
| # endif
| #endif
| #ifdef HAVE_STRING_H
| # if !defined STDC_HEADERS && defined HAVE_MEMORY_H
| #  include <memory.h>
| # endif
| # include <string.h>
| #endif
| #ifdef HAVE_STRINGS_H
| # include <strings.h>
| #endif
| #ifdef HAVE_INTTYPES_H
| # include <inttypes.h>
| #endif
| #ifdef HAVE_STDINT_H
| # include <stdint.h>
| #endif
| #ifdef HAVE_UNISTD_H
| # include <unistd.h>
| #endif
| int
| main ()
| {
| if (sizeof ((_Bool)))
| 	    return 0;
|   ;
|   return 0;
| }
configure:4032: result: yes
configure:4048: checking for uid_t in sys/types.h
configure:4067: result: yes
configure:4078: checking for off_t
configure:4078: gcc -c -Wall -g0 -O3 -ansi -std=gnu99 -fPIC -pthread -Isrc -D SANDBOX  -D NDEBUG -U DEBUG  conftest.c >&5
configure:4078: $? = 0
configure:4078: gcc -c -Wall -g0 -O3 -ansi -std=gnu99 -fPIC -pthread -Isrc -D SANDBOX  -D NDEBUG -U DEBUG  conftest.c >&5
conftest.c: In function 'main':
conftest.c:76:20: error: expected expression before ')' token
 if (sizeof ((off_t)))
                    ^
configure:4078: $? = 1
configure: failed program was:
| /* confdefs.h */
| #define PACKAGE_NAME "sandbox"
| #define PACKAGE_TARNAME "sandbox"
| #define PACKAGE_VERSION "0.3.5"
| #define PACKAGE_STRING "sandbox 0.3.5"
| #define PACKAGE_BUGREPORT ""
| #define PACKAGE_URL "http://sourceforge.net/project/libsandbox"
| #define HAVE_PROCFS 1
| #define PROCFS "/proc"
| #define HAVE_LIBM 1
| #define HAVE_LIBRT 1
| #define HAVE_LIBPTHREAD 1
| #define STDC_HEADERS 1
| #define HAVE_SYS_TYPES_H 1
| #define HAVE_SYS_STAT_H 1
| #define HAVE_STDLIB_H 1
| #define HAVE_STRING_H 1
| #define HAVE_MEMORY_H 1
| #define HAVE_STRINGS_H 1
| #define HAVE_INTTYPES_H 1
| #define HAVE_STDINT_H 1
| #define HAVE_UNISTD_H 1
| #define HAVE_FCNTL_H 1
| #define HAVE_LIMITS_H 1
| #define HAVE_STDLIB_H 1
| #define HAVE_STRING_H 1
| #define HAVE_SCHED_H 1
| #define HAVE_UNISTD_H 1
| #define HAVE_SYS_QUEUE_H 1
| #define HAVE_SYS_SYSCALL_H 1
| #define HAVE_SYS_PTRACE_H 1
| #define HAVE_SYS_TIMES_H 1
| #define HAVE_SYS_VFS_H 1
| #define HAVE_SYS_MOUNT_H 1
| #define HAVE_SYS_PARAM_H 1
| #define HAVE_LINUX_MAGIC_H 1
| #define HAVE__BOOL 1
| #define HAVE_STDBOOL_H 1
| /* end confdefs.h.  */
| #include <stdio.h>
| #ifdef HAVE_SYS_TYPES_H
| # include <sys/types.h>
| #endif
| #ifdef HAVE_SYS_STAT_H
| # include <sys/stat.h>
| #endif
| #ifdef STDC_HEADERS
| # include <stdlib.h>
| # include <stddef.h>
| #else
| # ifdef HAVE_STDLIB_H
| #  include <stdlib.h>
| # endif
| #endif
| #ifdef HAVE_STRING_H
| # if !defined STDC_HEADERS && defined HAVE_MEMORY_H
| #  include <memory.h>
| # endif
| # include <string.h>
| #endif
| #ifdef HAVE_STRINGS_H
| # include <strings.h>
| #endif
| #ifdef HAVE_INTTYPES_H
| # include <inttypes.h>
| #endif
| #ifdef HAVE_STDINT_H
| # include <stdint.h>
| #endif
| #ifdef HAVE_UNISTD_H
| # include <unistd.h>
| #endif
| int
| main ()
| {
| if (sizeof ((off_t)))
| 	    return 0;
|   ;
|   return 0;
| }
configure:4078: result: yes
configure:4089: checking for pid_t
configure:4089: gcc -c -Wall -g0 -O3 -ansi -std=gnu99 -fPIC -pthread -Isrc -D SANDBOX  -D NDEBUG -U DEBUG  conftest.c >&5
configure:4089: $? = 0
configure:4089: gcc -c -Wall -g0 -O3 -ansi -std=gnu99 -fPIC -pthread -Isrc -D SANDBOX  -D NDEBUG -U DEBUG  conftest.c >&5
conftest.c: In function 'main':
conftest.c:76:20: error: expected expression before ')' token
 if (sizeof ((pid_t)))
                    ^
configure:4089: $? = 1
configure: failed program was:
| /* confdefs.h */
| #define PACKAGE_NAME "sandbox"
| #define PACKAGE_TARNAME "sandbox"
| #define PACKAGE_VERSION "0.3.5"
| #define PACKAGE_STRING "sandbox 0.3.5"
| #define PACKAGE_BUGREPORT ""
| #define PACKAGE_URL "http://sourceforge.net/project/libsandbox"
| #define HAVE_PROCFS 1
| #define PROCFS "/proc"
| #define HAVE_LIBM 1
| #define HAVE_LIBRT 1
| #define HAVE_LIBPTHREAD 1
| #define STDC_HEADERS 1
| #define HAVE_SYS_TYPES_H 1
| #define HAVE_SYS_STAT_H 1
| #define HAVE_STDLIB_H 1
| #define HAVE_STRING_H 1
| #define HAVE_MEMORY_H 1
| #define HAVE_STRINGS_H 1
| #define HAVE_INTTYPES_H 1
| #define HAVE_STDINT_H 1
| #define HAVE_UNISTD_H 1
| #define HAVE_FCNTL_H 1
| #define HAVE_LIMITS_H 1
| #define HAVE_STDLIB_H 1
| #define HAVE_STRING_H 1
| #define HAVE_SCHED_H 1
| #define HAVE_UNISTD_H 1
| #define HAVE_SYS_QUEUE_H 1
| #define HAVE_SYS_SYSCALL_H 1
| #define HAVE_SYS_PTRACE_H 1
| #define HAVE_SYS_TIMES_H 1
| #define HAVE_SYS_VFS_H 1
| #define HAVE_SYS_MOUNT_H 1
| #define HAVE_SYS_PARAM_H 1
| #define HAVE_LINUX_MAGIC_H 1
| #define HAVE__BOOL 1
| #define HAVE_STDBOOL_H 1
| /* end confdefs.h.  */
| #include <stdio.h>
| #ifdef HAVE_SYS_TYPES_H
| # include <sys/types.h>
| #endif
| #ifdef HAVE_SYS_STAT_H
| # include <sys/stat.h>
| #endif
| #ifdef STDC_HEADERS
| # include <stdlib.h>
| # include <stddef.h>
| #else
| # ifdef HAVE_STDLIB_H
| #  include <stdlib.h>
| # endif
| #endif
| #ifdef HAVE_STRING_H
| # if !defined STDC_HEADERS && defined HAVE_MEMORY_H
| #  include <memory.h>
| # endif
| # include <string.h>
| #endif
| #ifdef HAVE_STRINGS_H
| # include <strings.h>
| #endif
| #ifdef HAVE_INTTYPES_H
| # include <inttypes.h>
| #endif
| #ifdef HAVE_STDINT_H
| # include <stdint.h>
| #endif
| #ifdef HAVE_UNISTD_H
| # include <unistd.h>
| #endif
| int
| main ()
| {
| if (sizeof ((pid_t)))
| 	    return 0;
|   ;
|   return 0;
| }
configure:4089: result: yes
configure:4104: checking vfork.h usability
configure:4104: gcc -c -Wall -g0 -O3 -ansi -std=gnu99 -fPIC -pthread -Isrc -D SANDBOX  -D NDEBUG -U DEBUG  conftest.c >&5
conftest.c:73:10: fatal error: vfork.h: No such file or directory
 #include <vfork.h>
          ^~~~~~~~~
compilation terminated.
configure:4104: $? = 1
configure: failed program was:
| /* confdefs.h */
| #define PACKAGE_NAME "sandbox"
| #define PACKAGE_TARNAME "sandbox"
| #define PACKAGE_VERSION "0.3.5"
| #define PACKAGE_STRING "sandbox 0.3.5"
| #define PACKAGE_BUGREPORT ""
| #define PACKAGE_URL "http://sourceforge.net/project/libsandbox"
| #define HAVE_PROCFS 1
| #define PROCFS "/proc"
| #define HAVE_LIBM 1
| #define HAVE_LIBRT 1
| #define HAVE_LIBPTHREAD 1
| #define STDC_HEADERS 1
| #define HAVE_SYS_TYPES_H 1
| #define HAVE_SYS_STAT_H 1
| #define HAVE_STDLIB_H 1
| #define HAVE_STRING_H 1
| #define HAVE_MEMORY_H 1
| #define HAVE_STRINGS_H 1
| #define HAVE_INTTYPES_H 1
| #define HAVE_STDINT_H 1
| #define HAVE_UNISTD_H 1
| #define HAVE_FCNTL_H 1
| #define HAVE_LIMITS_H 1
| #define HAVE_STDLIB_H 1
| #define HAVE_STRING_H 1
| #define HAVE_SCHED_H 1
| #define HAVE_UNISTD_H 1
| #define HAVE_SYS_QUEUE_H 1
| #define HAVE_SYS_SYSCALL_H 1
| #define HAVE_SYS_PTRACE_H 1
| #define HAVE_SYS_TIMES_H 1
| #define HAVE_SYS_VFS_H 1
| #define HAVE_SYS_MOUNT_H 1
| #define HAVE_SYS_PARAM_H 1
| #define HAVE_LINUX_MAGIC_H 1
| #define HAVE__BOOL 1
| #define HAVE_STDBOOL_H 1
| /* end confdefs.h.  */
| #include <stdio.h>
| #ifdef HAVE_SYS_TYPES_H
| # include <sys/types.h>
| #endif
| #ifdef HAVE_SYS_STAT_H
| # include <sys/stat.h>
| #endif
| #ifdef STDC_HEADERS
| # include <stdlib.h>
| # include <stddef.h>
| #else
| # ifdef HAVE_STDLIB_H
| #  include <stdlib.h>
| # endif
| #endif
| #ifdef HAVE_STRING_H
| # if !defined STDC_HEADERS && defined HAVE_MEMORY_H
| #  include <memory.h>
| # endif
| # include <string.h>
| #endif
| #ifdef HAVE_STRINGS_H
| # include <strings.h>
| #endif
| #ifdef HAVE_INTTYPES_H
| # include <inttypes.h>
| #endif
| #ifdef HAVE_STDINT_H
| # include <stdint.h>
| #endif
| #ifdef HAVE_UNISTD_H
| # include <unistd.h>
| #endif
| #include <vfork.h>
configure:4104: result: no
configure:4104: checking vfork.h presence
configure:4104: gcc -E  conftest.c
conftest.c:40:10: fatal error: vfork.h: No such file or directory
 #include <vfork.h>
          ^~~~~~~~~
compilation terminated.
configure:4104: $? = 1
configure: failed program was:
| /* confdefs.h */
| #define PACKAGE_NAME "sandbox"
| #define PACKAGE_TARNAME "sandbox"
| #define PACKAGE_VERSION "0.3.5"
| #define PACKAGE_STRING "sandbox 0.3.5"
| #define PACKAGE_BUGREPORT ""
| #define PACKAGE_URL "http://sourceforge.net/project/libsandbox"
| #define HAVE_PROCFS 1
| #define PROCFS "/proc"
| #define HAVE_LIBM 1
| #define HAVE_LIBRT 1
| #define HAVE_LIBPTHREAD 1
| #define STDC_HEADERS 1
| #define HAVE_SYS_TYPES_H 1
| #define HAVE_SYS_STAT_H 1
| #define HAVE_STDLIB_H 1
| #define HAVE_STRING_H 1
| #define HAVE_MEMORY_H 1
| #define HAVE_STRINGS_H 1
| #define HAVE_INTTYPES_H 1
| #define HAVE_STDINT_H 1
| #define HAVE_UNISTD_H 1
| #define HAVE_FCNTL_H 1
| #define HAVE_LIMITS_H 1
| #define HAVE_STDLIB_H 1
| #define HAVE_STRING_H 1
| #define HAVE_SCHED_H 1
| #define HAVE_UNISTD_H 1
| #define HAVE_SYS_QUEUE_H 1
| #define HAVE_SYS_SYSCALL_H 1
| #define HAVE_SYS_PTRACE_H 1
| #define HAVE_SYS_TIMES_H 1
| #define HAVE_SYS_VFS_H 1
| #define HAVE_SYS_MOUNT_H 1
| #define HAVE_SYS_PARAM_H 1
| #define HAVE_LINUX_MAGIC_H 1
| #define HAVE__BOOL 1
| #define HAVE_STDBOOL_H 1
| /* end confdefs.h.  */
| #include <vfork.h>
configure:4104: result: no
configure:4104: checking for vfork.h
configure:4104: result: no
configure:4117: checking for fork
configure:4117: gcc -o conftest -Wall -g0 -O3 -ansi -std=gnu99 -fPIC -pthread -Isrc -D SANDBOX  -D NDEBUG -U DEBUG   conftest.c -lpthread -lrt -lm  >&5
conftest.c:63:6: warning: conflicting types for built-in function 'fork' [-Wbuiltin-declaration-mismatch]
 char fork ();
      ^~~~
configure:4117: $? = 0
configure:4117: result: yes
configure:4117: checking for vfork
configure:4117: gcc -o conftest -Wall -g0 -O3 -ansi -std=gnu99 -fPIC -pthread -Isrc -D SANDBOX  -D NDEBUG -U DEBUG   conftest.c -lpthread -lrt -lm  >&5
configure:4117: $? = 0
configure:4117: result: yes
configure:4127: checking for working fork
configure:4149: gcc -o conftest -Wall -g0 -O3 -ansi -std=gnu99 -fPIC -pthread -Isrc -D SANDBOX  -D NDEBUG -U DEBUG   conftest.c -lpthread -lrt -lm  >&5
configure:4149: $? = 0
configure:4149: ./conftest
configure:4149: $? = 0
configure:4159: result: yes
configure:4180: checking for working vfork
configure:4290: result: yes
configure:4318: checking for dup2
configure:4318: gcc -o conftest -Wall -g0 -O3 -ansi -std=gnu99 -fPIC -pthread -Isrc -D SANDBOX  -D NDEBUG -U DEBUG   conftest.c -lpthread -lrt -lm  >&5
configure:4318: $? = 0
configure:4318: result: yes
configure:4318: checking for open
configure:4318: gcc -o conftest -Wall -g0 -O3 -ansi -std=gnu99 -fPIC -pthread -Isrc -D SANDBOX  -D NDEBUG -U DEBUG   conftest.c -lpthread -lrt -lm  >&5
configure:4318: $? = 0
configure:4318: result: yes
configure:4318: checking for close
configure:4318: gcc -o conftest -Wall -g0 -O3 -ansi -std=gnu99 -fPIC -pthread -Isrc -D SANDBOX  -D NDEBUG -U DEBUG   conftest.c -lpthread -lrt -lm  >&5
configure:4318: $? = 0
configure:4318: result: yes
configure:4318: checking for read
configure:4318: gcc -o conftest -Wall -g0 -O3 -ansi -std=gnu99 -fPIC -pthread -Isrc -D SANDBOX  -D NDEBUG -U DEBUG   conftest.c -lpthread -lrt -lm  >&5
configure:4318: $? = 0
configure:4318: result: yes
configure:4318: checking for write
configure:4318: gcc -o conftest -Wall -g0 -O3 -ansi -std=gnu99 -fPIC -pthread -Isrc -D SANDBOX  -D NDEBUG -U DEBUG   conftest.c -lpthread -lrt -lm  >&5
configure:4318: $? = 0
configure:4318: result: yes
configure:4318: checking for memset
configure:4318: gcc -o conftest -Wall -g0 -O3 -ansi -std=gnu99 -fPIC -pthread -Isrc -D SANDBOX  -D NDEBUG -U DEBUG   conftest.c -lpthread -lrt -lm  >&5
conftest.c:72:6: warning: conflicting types for built-in function 'memset' [-Wbuiltin-declaration-mismatch]
 char memset ();
      ^~~~~~
configure:4318: $? = 0
configure:4318: result: yes
configure:4318: checking for sscanf
configure:4318: gcc -o conftest -Wall -g0 -O3 -ansi -std=gnu99 -fPIC -pthread -Isrc -D SANDBOX  -D NDEBUG -U DEBUG   conftest.c -lpthread -lrt -lm  >&5
conftest.c:73:6: warning: conflicting types for built-in function 'sscanf' [-Wbuiltin-declaration-mismatch]
 char sscanf ();
      ^~~~~~
configure:4318: $? = 0
configure:4318: result: yes
configure:4318: checking for strerror
configure:4318: gcc -o conftest -Wall -g0 -O3 -ansi -std=gnu99 -fPIC -pthread -Isrc -D SANDBOX  -D NDEBUG -U DEBUG   conftest.c -lpthread -lrt -lm  >&5
configure:4318: $? = 0
configure:4318: result: yes
configure:4318: checking for strstr
configure:4318: gcc -o conftest -Wall -g0 -O3 -ansi -std=gnu99 -fPIC -pthread -Isrc -D SANDBOX  -D NDEBUG -U DEBUG   conftest.c -lpthread -lrt -lm  >&5
conftest.c:75:6: warning: conflicting types for built-in function 'strstr' [-Wbuiltin-declaration-mismatch]
 char strstr ();
      ^~~~~~
configure:4318: $? = 0
configure:4318: result: yes
configure:4318: checking for strlen
configure:4318: gcc -o conftest -Wall -g0 -O3 -ansi -std=gnu99 -fPIC -pthread -Isrc -D SANDBOX  -D NDEBUG -U DEBUG   conftest.c -lpthread -lrt -lm  >&5
conftest.c:76:6: warning: conflicting types for built-in function 'strlen' [-Wbuiltin-declaration-mismatch]
 char strlen ();
      ^~~~~~
configure:4318: $? = 0
configure:4318: result: yes
configure:4318: checking for strcpy
configure:4318: gcc -o conftest -Wall -g0 -O3 -ansi -std=gnu99 -fPIC -pthread -Isrc -D SANDBOX  -D NDEBUG -U DEBUG   conftest.c -lpthread -lrt -lm  >&5
conftest.c:77:6: warning: conflicting types for built-in function 'strcpy' [-Wbuiltin-declaration-mismatch]
 char strcpy ();
      ^~~~~~
configure:4318: $? = 0
configure:4318: result: yes
configure:4318: checking for strchr
configure:4318: gcc -o conftest -Wall -g0 -O3 -ansi -std=gnu99 -fPIC -pthread -Isrc -D SANDBOX  -D NDEBUG -U DEBUG   conftest.c -lpthread -lrt -lm  >&5
conftest.c:78:6: warning: conflicting types for built-in function 'strchr' [-Wbuiltin-declaration-mismatch]
 char strchr ();
      ^~~~~~
configure:4318: $? = 0
configure:4318: result: yes
configure:4330: checking for getpid
configure:4330: gcc -o conftest -Wall -g0 -O3 -ansi -std=gnu99 -fPIC -pthread -Isrc -D SANDBOX  -D NDEBUG -U DEBUG   conftest.c -lpthread -lrt -lm  >&5
configure:4330: $? = 0
configure:4330: result: yes
configure:4330: checking for getuid
configure:4330: gcc -o conftest -Wall -g0 -O3 -ansi -std=gnu99 -fPIC -pthread -Isrc -D SANDBOX  -D NDEBUG -U DEBUG   conftest.c -lpthread -lrt -lm  >&5
configure:4330: $? = 0
configure:4330: result: yes
configure:4330: checking for getgid
configure:4330: gcc -o conftest -Wall -g0 -O3 -ansi -std=gnu99 -fPIC -pthread -Isrc -D SANDBOX  -D NDEBUG -U DEBUG   conftest.c -lpthread -lrt -lm  >&5
configure:4330: $? = 0
configure:4330: result: yes
configure:4330: checking for getgrgid
configure:4330: gcc -o conftest -Wall -g0 -O3 -ansi -std=gnu99 -fPIC -pthread -Isrc -D SANDBOX  -D NDEBUG -U DEBUG   conftest.c -lpthread -lrt -lm  >&5
configure:4330: $? = 0
configure:4330: result: yes
configure:4330: checking for getpwuid
configure:4330: gcc -o conftest -Wall -g0 -O3 -ansi -std=gnu99 -fPIC -pthread -Isrc -D SANDBOX  -D NDEBUG -U DEBUG   conftest.c -lpthread -lrt -lm  >&5
configure:4330: $? = 0
configure:4330: result: yes
configure:4330: checking for setuid
configure:4330: gcc -o conftest -Wall -g0 -O3 -ansi -std=gnu99 -fPIC -pthread -Isrc -D SANDBOX  -D NDEBUG -U DEBUG   conftest.c -lpthread -lrt -lm  >&5
configure:4330: $? = 0
configure:4330: result: yes
configure:4330: checking for setgid
configure:4330: gcc -o conftest -Wall -g0 -O3 -ansi -std=gnu99 -fPIC -pthread -Isrc -D SANDBOX  -D NDEBUG -U DEBUG   conftest.c -lpthread -lrt -lm  >&5
configure:4330: $? = 0
configure:4330: result: yes
configure:4330: checking for setsid
configure:4330: gcc -o conftest -Wall -g0 -O3 -ansi -std=gnu99 -fPIC -pthread -Isrc -D SANDBOX  -D NDEBUG -U DEBUG   conftest.c -lpthread -lrt -lm  >&5
configure:4330: $? = 0
configure:4330: result: yes
configure:4342: checking for sigaddset
configure:4342: gcc -o conftest -Wall -g0 -O3 -ansi -std=gnu99 -fPIC -pthread -Isrc -D SANDBOX  -D NDEBUG -U DEBUG   conftest.c -lpthread -lrt -lm  >&5
configure:4342: $? = 0
configure:4342: result: yes
configure:4342: checking for sigdelset
configure:4342: gcc -o conftest -Wall -g0 -O3 -ansi -std=gnu99 -fPIC -pthread -Isrc -D SANDBOX  -D NDEBUG -U DEBUG   conftest.c -lpthread -lrt -lm  >&5
configure:4342: $? = 0
configure:4342: result: yes
configure:4342: checking for sigemptyset
configure:4342: gcc -o conftest -Wall -g0 -O3 -ansi -std=gnu99 -fPIC -pthread -Isrc -D SANDBOX  -D NDEBUG -U DEBUG   conftest.c -lpthread -lrt -lm  >&5
configure:4342: $? = 0
configure:4342: result: yes
configure:4342: checking for sigfillset
configure:4342: gcc -o conftest -Wall -g0 -O3 -ansi -std=gnu99 -fPIC -pthread -Isrc -D SANDBOX  -D NDEBUG -U DEBUG   conftest.c -lpthread -lrt -lm  >&5
configure:4342: $? = 0
configure:4342: result: yes
configure:4342: checking for sigwaitinfo
configure:4342: gcc -o conftest -Wall -g0 -O3 -ansi -std=gnu99 -fPIC -pthread -Isrc -D SANDBOX  -D NDEBUG -U DEBUG   conftest.c -lpthread -lrt -lm  >&5
configure:4342: $? = 0
configure:4342: result: yes
configure:4342: checking for sigtimedwait
configure:4342: gcc -o conftest -Wall -g0 -O3 -ansi -std=gnu99 -fPIC -pthread -Isrc -D SANDBOX  -D NDEBUG -U DEBUG   conftest.c -lpthread -lrt -lm  >&5
configure:4342: $? = 0
configure:4342: result: yes
configure:4354: checking for access
configure:4354: gcc -o conftest -Wall -g0 -O3 -ansi -std=gnu99 -fPIC -pthread -Isrc -D SANDBOX  -D NDEBUG -U DEBUG   conftest.c -lpthread -lrt -lm  >&5
configure:4354: $? = 0
configure:4354: result: yes
configure:4354: checking for chdir
configure:4354: gcc -o conftest -Wall -g0 -O3 -ansi -std=gnu99 -fPIC -pthread -Isrc -D SANDBOX  -D NDEBUG -U DEBUG   conftest.c -lpthread -lrt -lm  >&5
configure:4354: $? = 0
configure:4354: result: yes
configure:4354: checking for chroot
configure:4354: gcc -o conftest -Wall -g0 -O3 -ansi -std=gnu99 -fPIC -pthread -Isrc -D SANDBOX  -D NDEBUG -U DEBUG   conftest.c -lpthread -lrt -lm  >&5
configure:4354: $? = 0
configure:4354: result: yes
configure:4354: checking for execve
configure:4354: gcc -o conftest -Wall -g0 -O3 -ansi -std=gnu99 -fPIC -pthread -Isrc -D SANDBOX  -D NDEBUG -U DEBUG   conftest.c -lpthread -lrt -lm  >&5
conftest.c:96:6: warning: conflicting types for built-in function 'execve' [-Wbuiltin-declaration-mismatch]
 char execve ();
      ^~~~~~
configure:4354: $? = 0
configure:4354: result: yes
configure:4354: checking for exit
configure:4354: gcc -o conftest -Wall -g0 -O3 -ansi -std=gnu99 -fPIC -pthread -Isrc -D SANDBOX  -D NDEBUG -U DEBUG   conftest.c -lpthread -lrt -lm  >&5
conftest.c:97:6: warning: conflicting types for built-in function 'exit' [-Wbuiltin-declaration-mismatch]
 char exit ();
      ^~~~
configure:4354: $? = 0
configure:4354: result: yes
configure:4354: checking for getrlimit
configure:4354: gcc -o conftest -Wall -g0 -O3 -ansi -std=gnu99 -fPIC -pthread -Isrc -D SANDBOX  -D NDEBUG -U DEBUG   conftest.c -lpthread -lrt -lm  >&5
configure:4354: $? = 0
configure:4354: result: yes
configure:4354: checking for getpagesize
configure:4354: gcc -o conftest -Wall -g0 -O3 -ansi -std=gnu99 -fPIC -pthread -Isrc -D SANDBOX  -D NDEBUG -U DEBUG   conftest.c -lpthread -lrt -lm  >&5
configure:4354: $? = 0
configure:4354: result: yes
configure:4354: checking for kill
configure:4354: gcc -o conftest -Wall -g0 -O3 -ansi -std=gnu99 -fPIC -pthread -Isrc -D SANDBOX  -D NDEBUG -U DEBUG   conftest.c -lpthread -lrt -lm  >&5
configure:4354: $? = 0
configure:4354: result: yes
configure:4354: checking for ptrace
configure:4354: gcc -o conftest -Wall -g0 -O3 -ansi -std=gnu99 -fPIC -pthread -Isrc -D SANDBOX  -D NDEBUG -U DEBUG   conftest.c -lpthread -lrt -lm  >&5
configure:4354: $? = 0
configure:4354: result: yes
configure:4354: checking for statfs
configure:4354: gcc -o conftest -Wall -g0 -O3 -ansi -std=gnu99 -fPIC -pthread -Isrc -D SANDBOX  -D NDEBUG -U DEBUG   conftest.c -lpthread -lrt -lm  >&5
configure:4354: $? = 0
configure:4354: result: yes
configure:4354: checking for sysconf
configure:4354: gcc -o conftest -Wall -g0 -O3 -ansi -std=gnu99 -fPIC -pthread -Isrc -D SANDBOX  -D NDEBUG -U DEBUG   conftest.c -lpthread -lrt -lm  >&5
configure:4354: $? = 0
configure:4354: result: yes
configure:4354: checking for waitid
configure:4354: gcc -o conftest -Wall -g0 -O3 -ansi -std=gnu99 -fPIC -pthread -Isrc -D SANDBOX  -D NDEBUG -U DEBUG   conftest.c -lpthread -lrt -lm  >&5
configure:4354: $? = 0
configure:4354: result: yes
configure:4354: checking for setrlimit
configure:4354: gcc -o conftest -Wall -g0 -O3 -ansi -std=gnu99 -fPIC -pthread -Isrc -D SANDBOX  -D NDEBUG -U DEBUG   conftest.c -lpthread -lrt -lm  >&5
configure:4354: $? = 0
configure:4354: result: yes
configure:4510: creating ./config.status

## ---------------------- ##
## Running config.status. ##
## ---------------------- ##

This file was extended by sandbox config.status 0.3.5, which was
generated by GNU Autoconf 2.68.  Invocation command line was

  CONFIG_FILES    = 
  CONFIG_HEADERS  = 
  CONFIG_LINKS    = 
  CONFIG_COMMANDS = 
  $ ./config.status 

on host

config.status:899: creating Makefile
config.status:899: creating Doxyfile
config.status:899: creating sandbox.spec
config.status:899: creating sandbox.pc
config.status:899: creating src/config.h
config.status:1080: src/config.h is unchanged

## ---------------- ##
## Cache variables. ##
## ---------------- ##

ac_cv_c_compiler_gnu=yes
ac_cv_env_CC_set=
ac_cv_env_CC_value=
ac_cv_env_CFLAGS_set=
ac_cv_env_CFLAGS_value=
ac_cv_env_CPPFLAGS_set=
ac_cv_env_CPPFLAGS_value=
ac_cv_env_CPP_set=
ac_cv_env_CPP_value=
ac_cv_env_LDFLAGS_set=
ac_cv_env_LDFLAGS_value=
ac_cv_env_LIBS_set=
ac_cv_env_LIBS_value=
ac_cv_env_build_alias_set=
ac_cv_env_build_alias_value=
ac_cv_env_host_alias_set=
ac_cv_env_host_alias_value=
ac_cv_env_target_alias_set=
ac_cv_env_target_alias_value=
ac_cv_func_access=yes
ac_cv_func_chdir=yes
ac_cv_func_chroot=yes
ac_cv_func_close=yes
ac_cv_func_dup2=yes
ac_cv_func_execve=yes
ac_cv_func_exit=yes
ac_cv_func_fork=yes
ac_cv_func_fork_works=yes
ac_cv_func_getgid=yes
ac_cv_func_getgrgid=yes
ac_cv_func_getpagesize=yes
ac_cv_func_getpid=yes
ac_cv_func_getpwuid=yes
ac_cv_func_getrlimit=yes
ac_cv_func_getuid=yes
ac_cv_func_kill=yes
ac_cv_func_memset=yes
ac_cv_func_open=yes
ac_cv_func_ptrace=yes
ac_cv_func_read=yes
ac_cv_func_setgid=yes
ac_cv_func_setrlimit=yes
ac_cv_func_setsid=yes
ac_cv_func_setuid=yes
ac_cv_func_sigaddset=yes
ac_cv_func_sigdelset=yes
ac_cv_func_sigemptyset=yes
ac_cv_func_sigfillset=yes
ac_cv_func_sigtimedwait=yes
ac_cv_func_sigwaitinfo=yes
ac_cv_func_sscanf=yes
ac_cv_func_statfs=yes
ac_cv_func_strchr=yes
ac_cv_func_strcpy=yes
ac_cv_func_strerror=yes
ac_cv_func_strlen=yes
ac_cv_func_strstr=yes
ac_cv_func_sysconf=yes
ac_cv_func_vfork=yes
ac_cv_func_vfork_works=yes
ac_cv_func_waitid=yes
ac_cv_func_write=yes
ac_cv_header_fcntl_h=yes
ac_cv_header_inttypes_h=yes
ac_cv_header_limits_h=yes
ac_cv_header_linux_magic_h=yes
ac_cv_header_memory_h=yes
ac_cv_header_sched_h=yes
ac_cv_header_stdbool_h=yes
ac_cv_header_stdc=yes
ac_cv_header_stdint_h=yes
ac_cv_header_stdlib_h=yes
ac_cv_header_string_h=yes
ac_cv_header_strings_h=yes
ac_cv_header_sys_mount_h=yes
ac_cv_header_sys_param_h=yes
ac_cv_header_sys_ptrace_h=yes
ac_cv_header_sys_queue_h=yes
ac_cv_header_sys_stat_h=yes
ac_cv_header_sys_syscall_h=yes
ac_cv_header_sys_times_h=yes
ac_cv_header_sys_types_h=yes
ac_cv_header_sys_vfs_h=yes
ac_cv_header_unistd_h=yes
ac_cv_header_vfork_h=no
ac_cv_lib_m_modfl__lrintl=yes
ac_cv_lib_pthread_pthread_kill__pthread_sigqueue__pthread_sigmask__pthread_self__pthread_equal__pthread_create__pthread_join__pthread_cancel__pthread_mutex_lock__pthread_mutex_unlock__pthread_cond_wait__pthread_cond_broadcast=yes
ac_cv_lib_rt_clock_getcpuclockid__clock_create__clock_gettime__clock_getres=yes
ac_cv_objext=o
ac_cv_path_AR=/usr/bin/ar
ac_cv_path_EGREP='/usr/bin/grep -E'
ac_cv_path_GREP=/usr/bin/grep
ac_cv_path_SED=/usr/bin/sed
ac_cv_path_TAR=/usr/bin/tar
ac_cv_path_install='/usr/bin/install -c'
ac_cv_path_mkdir=/usr/bin/mkdir
ac_cv_prog_AWK=gawk
ac_cv_prog_CPP='gcc -E'
ac_cv_prog_ac_ct_CC=gcc
ac_cv_prog_cc_c89=
ac_cv_prog_cc_g=yes
ac_cv_type__Bool=yes
ac_cv_type_off_t=yes
ac_cv_type_pid_t=yes
ac_cv_type_uid_t=yes

## ----------------- ##
## Output variables. ##
## ----------------- ##

AC_MULTI_LIBDIR='../lib64'
AR='/usr/bin/ar'
AWK='gawk'
CC='gcc'
CFLAGS='-Wall -g0 -O3 -ansi -std=gnu99 -fPIC -pthread -Isrc -D SANDBOX  -D NDEBUG -U DEBUG'
CPP='gcc -E'
CPPFLAGS=''
DEFS='-DHAVE_CONFIG_H'
ECHO_C=''
ECHO_N='-n'
ECHO_T=''
EGREP='/usr/bin/grep -E'
EXEEXT=''
GREP='/usr/bin/grep'
INSTALL_DATA='${INSTALL} -m 644'
INSTALL_PROGRAM='${INSTALL}'
INSTALL_SCRIPT='${INSTALL}'
LDFLAGS=''
LIBOBJS=''
LIBS='-lpthread -lrt -lm '
LN_S='ln -s'
LTLIBOBJS=''
MKDIR_P='/usr/bin/mkdir -p'
OBJEXT='o'
PACKAGE_BRIEF='The Sandbox Libraries'
PACKAGE_BUGREPORT=''
PACKAGE_CONFIG=''
PACKAGE_DESCR='The sandbox libraries (libsandbox & pysandbox) provide API'\''s in C/C++ and
PACKAGE_NAME='sandbox'
PACKAGE_RELEASE='3'
PACKAGE_STRING='sandbox 0.3.5'
PACKAGE_TARNAME='sandbox'
PACKAGE_URL='http://sourceforge.net/project/libsandbox'
PACKAGE_VERSION='0.3.5'
PATH_SEPARATOR=':'
Python for executing and profiling simple (single process) programs in a
SED='/usr/bin/sed'
SHELL='/bin/sh'
TAR='/usr/bin/tar'
ac_ct_CC='gcc'
automated profiling tools and watchdogs that capture and block the runtime
behaviours of binary executable programs according to configurable /
bindir='${exec_prefix}/bin'
build_alias=''
datadir='${datarootdir}'
datarootdir='${prefix}/share'
docdir='${datarootdir}/doc/${PACKAGE_TARNAME}'
dvidir='${docdir}'
exec_prefix='${prefix}'
host_alias=''
htmldir='${docdir}'
includedir='${prefix}/include'
infodir='${datarootdir}/info'
libdir='${exec_prefix}/lib64'
libexecdir='${exec_prefix}/libexec'
localedir='${datarootdir}/locale'
localstatedir='${prefix}/var'
mandir='${datarootdir}/man'
oldincludedir='/usr/include'
pdfdir='${docdir}'
prefix='/usr/local'
program_transform_name='s,x,x,'
programmable policies.'
psdir='${docdir}'
restricted environment, or sandbox. These API'\''s can help developers to build
sbindir='${exec_prefix}/sbin'
sharedstatedir='${prefix}/com'
sysconfdir='${prefix}/etc'
target_alias=''

## ----------- ##
## confdefs.h. ##
## ----------- ##

/* confdefs.h */
#define PACKAGE_NAME "sandbox"
#define PACKAGE_TARNAME "sandbox"
#define PACKAGE_VERSION "0.3.5"
#define PACKAGE_STRING "sandbox 0.3.5"
#define PACKAGE_BUGREPORT ""
#define PACKAGE_URL "http://sourceforge.net/project/libsandbox"
#define HAVE_PROCFS 1
#define PROCFS "/proc"
#define HAVE_LIBM 1
#define HAVE_LIBRT 1
#define HAVE_LIBPTHREAD 1
#define STDC_HEADERS 1
#define HAVE_SYS_TYPES_H 1
#define HAVE_SYS_STAT_H 1
#define HAVE_STDLIB_H 1
#define HAVE_STRING_H 1
#define HAVE_MEMORY_H 1
#define HAVE_STRINGS_H 1
#define HAVE_INTTYPES_H 1
#define HAVE_STDINT_H 1
#define HAVE_UNISTD_H 1
#define HAVE_FCNTL_H 1
#define HAVE_LIMITS_H 1
#define HAVE_STDLIB_H 1
#define HAVE_STRING_H 1
#define HAVE_SCHED_H 1
#define HAVE_UNISTD_H 1
#define HAVE_SYS_QUEUE_H 1
#define HAVE_SYS_SYSCALL_H 1
#define HAVE_SYS_PTRACE_H 1
#define HAVE_SYS_TIMES_H 1
#define HAVE_SYS_VFS_H 1
#define HAVE_SYS_MOUNT_H 1
#define HAVE_SYS_PARAM_H 1
#define HAVE_LINUX_MAGIC_H 1
#define HAVE__BOOL 1
#define HAVE_STDBOOL_H 1
#define HAVE_FORK 1
#define HAVE_VFORK 1
#define HAVE_WORKING_VFORK 1
#define HAVE_WORKING_FORK 1
#define HAVE_DUP2 1
#define HAVE_OPEN 1
#define HAVE_CLOSE 1
#define HAVE_READ 1
#define HAVE_WRITE 1
#define HAVE_MEMSET 1
#define HAVE_SSCANF 1
#define HAVE_STRERROR 1
#define HAVE_STRSTR 1
#define HAVE_STRLEN 1
#define HAVE_STRCPY 1
#define HAVE_STRCHR 1
#define HAVE_GETPID 1
#define HAVE_GETUID 1
#define HAVE_GETGID 1
#define HAVE_GETGRGID 1
#define HAVE_GETPWUID 1
#define HAVE_SETUID 1
#define HAVE_SETGID 1
#define HAVE_SETSID 1
#define HAVE_SIGADDSET 1
#define HAVE_SIGDELSET 1
#define HAVE_SIGEMPTYSET 1
#define HAVE_SIGFILLSET 1
#define HAVE_SIGWAITINFO 1
#define HAVE_SIGTIMEDWAIT 1
#define HAVE_ACCESS 1
#define HAVE_CHDIR 1
#define HAVE_CHROOT 1
#define HAVE_EXECVE 1
#define HAVE_EXIT 1
#define HAVE_GETRLIMIT 1
#define HAVE_GETPAGESIZE 1
#define HAVE_KILL 1
#define HAVE_PTRACE 1
#define HAVE_STATFS 1
#define HAVE_SYSCONF 1
#define HAVE_WAITID 1
#define HAVE_SETRLIMIT 1

configure: exit 0
